<?xml version="1.0" encoding="UTF-8"?>
<!-- Generated by org.testng.reporters.JUnitXMLReporter -->
<testsuite hostname="Elzbieta-VAIO" name="My tests" tests="3" failures="0" timestamp="19 Oct 2015 13:06:02 GMT" time="27.705" errors="0">
  <testcase name="actions" time="3.083" classname="automationFramework.Mactions"/>
  <testcase name="newWindowsTesting" time="7.581" classname="automationFramework.PopupWindows"/>
  <testcase name="newWindowsTesting2" time="7.234" classname="automationFramework.PopupWindows"/>
</testsuite> <!-- My tests -->
