<?xml version="1.0" encoding="UTF-8"?>
<!-- Generated by org.testng.reporters.JUnitXMLReporter -->
<testsuite hostname="Elzbieta-VAIO" name="My Test" tests="4" failures="0" timestamp="19 Oct 2015 15:10:47 GMT" time="37.412" errors="0">
  <testcase name="testUserLogin" time="6.002" classname="automationFramework.GetDataFromXml"/>
  <testcase name="newWindowsTesting" time="7.204" classname="automationFramework.PopupWindows"/>
  <testcase name="newWindowsTesting2" time="7.313" classname="automationFramework.PopupWindows"/>
  <testcase name="actions" time="3.278" classname="automationFramework.Mactions"/>
</testsuite> <!-- My Test -->
