<?xml version="1.0" encoding="UTF-8"?>
<!-- Generated by org.testng.reporters.JUnitXMLReporter -->
<testsuite hostname="Elzbieta-VAIO" name="My Test" tests="5" failures="0" timestamp="21 Oct 2015 10:39:35 GMT" time="74.52" errors="0">
  <testcase name="test" time="11.526" classname="test.java.FirstTestCase"/>
  <testcase name="testUserLogin" time="6.483" classname="test.java.GetDataFromXml"/>
  <testcase name="newWindowsTesting" time="8.163" classname="test.java.PopupWindows"/>
  <testcase name="newWindowsTesting2" time="7.272" classname="test.java.PopupWindows"/>
  <testcase name="actions" time="2.934" classname="test.java.Mactions"/>
</testsuite> <!-- My Test -->
