<?xml version="1.0" encoding="UTF-8"?>
<!-- Generated by org.testng.reporters.JUnitXMLReporter -->
<testsuite hostname="Elzbieta-VAIO" name="My Test" tests="6" failures="0" timestamp="27 Oct 2015 16:51:32 GMT" time="110.398" errors="0">
  <testcase name="test" time="30.436" classname="test.java.FirstTestCase"/>
  <testcase name="testUserLogin" time="7.034" classname="test.java.GetDataFromXml"/>
  <testcase name="newWindowsTesting" time="11.7" classname="test.java.PopupWindows"/>
  <testcase name="newWindowsTesting2" time="8.029" classname="test.java.PopupWindows"/>
  <testcase name="actions" time="3.142" classname="test.java.Mactions"/>
  <testcase name="newWindowsTesting" time="0.107" classname="test.java.ScrollingPageWithJavaScript"/>
</testsuite> <!-- My Test -->
