<?xml version="1.0" encoding="UTF-8"?>
<testng-results skipped="0" failed="0" total="1" passed="1">
  <reporter-output>
  </reporter-output>
  <suite name="Default suite" duration-ms="24837" started-at="2015-11-09T18:32:14Z" finished-at="2015-11-09T18:32:38Z">
    <groups>
    </groups>
    <test name="Default test" duration-ms="24837" started-at="2015-11-09T18:32:14Z" finished-at="2015-11-09T18:32:38Z">
      <class name="automation.AppiumSampleTest2">
        <test-method status="PASS" signature="init()[pri:0, instance:automation.AppiumSampleTest2@30b688e1]" name="init" is-config="true" duration-ms="8440" started-at="2015-11-09T19:32:14Z" finished-at="2015-11-09T19:32:22Z">
          <reporter-output>
          </reporter-output>
        </test-method> <!-- init -->
        <test-method status="PASS" signature="calc()[pri:0, instance:automation.AppiumSampleTest2@30b688e1]" name="calc" duration-ms="15319" started-at="2015-11-09T19:32:22Z" finished-at="2015-11-09T19:32:37Z">
          <reporter-output>
          </reporter-output>
        </test-method> <!-- calc -->
        <test-method status="PASS" signature="clean()[pri:0, instance:automation.AppiumSampleTest2@30b688e1]" name="clean" is-config="true" duration-ms="1078" started-at="2015-11-09T19:32:37Z" finished-at="2015-11-09T19:32:38Z">
          <reporter-output>
          </reporter-output>
        </test-method> <!-- clean -->
      </class> <!-- automation.AppiumSampleTest2 -->
    </test> <!-- Default test -->
  </suite> <!-- Default suite -->
</testng-results>
